[22-Aug-2018 07:44:36 UTC] PHP Notice:  Undefined index: num_member in C:\work_folder\unit\public\index.php on line 51
[22-Aug-2018 07:48:59 UTC] PHP Notice:  Undefined variable: min_capacity in C:\work_folder\unit\public\index.php on line 31
[22-Aug-2018 07:48:59 UTC] PHP Notice:  Undefined variable: min_capacity in C:\work_folder\unit\public\index.php on line 34
[22-Aug-2018 07:48:59 UTC] PHP Fatal error:  Uncaught TypeError: Return value of decrease() must be of the type integer, null returned in C:\work_folder\unit\public\index.php:37
Stack trace:
#0 C:\work_folder\unit\public\index.php(46): decrease(NULL)
#1 C:\work_folder\unit\public\index.php(57): apply_operation('Retrait', 0)
#2 {main}
  thrown in C:\work_folder\unit\public\index.php on line 37
[22-Aug-2018 07:49:18 UTC] PHP Notice:  Undefined variable: min_capacity in C:\work_folder\unit\public\index.php on line 31
[22-Aug-2018 07:49:18 UTC] PHP Notice:  Undefined variable: min_capacity in C:\work_folder\unit\public\index.php on line 34
[22-Aug-2018 07:49:18 UTC] PHP Fatal error:  Uncaught TypeError: Return value of decrease() must be of the type integer, null returned in C:\work_folder\unit\public\index.php:37
Stack trace:
#0 C:\work_folder\unit\public\index.php(46): decrease(NULL)
#1 C:\work_folder\unit\public\index.php(57): apply_operation('Retrait', 0)
#2 {main}
  thrown in C:\work_folder\unit\public\index.php on line 37
[22-Aug-2018 07:52:33 UTC] PHP Fatal error:  Uncaught ArgumentCountError: Too few arguments to function decrease(), 1 passed in C:\work_folder\unit\public\index.php on line 46 and exactly 2 expected in C:\work_folder\unit\public\index.php:30
Stack trace:
#0 C:\work_folder\unit\public\index.php(46): decrease(0)
#1 C:\work_folder\unit\public\index.php(57): apply_operation('Retrait', 0)
#2 {main}
  thrown in C:\work_folder\unit\public\index.php on line 30
[22-Aug-2018 07:53:04 UTC] PHP Notice:  Undefined variable: min_capacity in C:\work_folder\unit\public\index.php on line 46
[22-Aug-2018 07:53:04 UTC] PHP Fatal error:  Uncaught TypeError: Argument 2 passed to decrease() must be of the type integer, null given, called in C:\work_folder\unit\public\index.php on line 46 and defined in C:\work_folder\unit\public\index.php:30
Stack trace:
#0 C:\work_folder\unit\public\index.php(46): decrease(0, NULL)
#1 C:\work_folder\unit\public\index.php(57): apply_operation('Retrait', 0)
#2 {main}
  thrown in C:\work_folder\unit\public\index.php on line 30
[22-Aug-2018 09:57:33 UTC] PHP Parse error:  syntax error, unexpected '}', expecting ',' or ';' in C:\work_folder\unit\public\index.php on line 28
[22-Aug-2018 10:32:18 UTC] PHP Warning:  Use of undefined constant CFG_IN_POP - assumed 'CFG_IN_POP' (this will throw an Error in a future version of PHP) in C:\work_folder\unit\public\index.php on line 76
